\BOOKMARK [1][-]{section.1}{\376\377\000\040\000P\000r\000e\000a\000m\000b\000o\000l\000o\000\040}{}% 1
\BOOKMARK [2][-]{subsection.1.1}{\376\377\000\040\000I\000n\000t\000r\000o\000d\000u\000z\000i\000o\000n\000e\000\040}{section.1}% 2
\BOOKMARK [2][-]{subsection.1.2}{\376\377\000\040\000R\000e\000q\000u\000i\000s\000i\000t\000i\000\040\000s\000p\000e\000c\000i\000a\000l\000i\000\040}{section.1}% 3
\BOOKMARK [1][-]{section.2}{\376\377\000\040\000R\000i\000s\000o\000r\000s\000e\000\040\000U\000m\000a\000n\000e\000\040\000\050\000H\000R\000\051\000\040}{}% 4
\BOOKMARK [2][-]{subsection.2.1}{\376\377\000\040\000I\000d\000e\000a\000\040}{section.2}% 5
\BOOKMARK [2][-]{subsection.2.2}{\376\377\000\040\000A\000n\000a\000l\000i\000s\000i\000\040\000d\000e\000i\000\040\000r\000e\000q\000u\000i\000s\000i\000t\000i\000\040}{section.2}% 6
\BOOKMARK [2][-]{subsection.2.3}{\376\377\000\040\000S\000t\000a\000t\000o\000\040}{section.2}% 7
\BOOKMARK [1][-]{section.3}{\376\377\000\040\000P\000r\000o\000b\000l\000e\000m\000i\000T\000e\000c\000n\000i\000c\000i\000\040}{}% 8
\BOOKMARK [2][-]{subsection.3.1}{\376\377\000\040\000I\000d\000e\000a\000\040}{section.3}% 9
\BOOKMARK [2][-]{subsection.3.2}{\376\377\000\040\000A\000n\000a\000l\000i\000s\000i\000\040\000d\000e\000i\000\040\000r\000e\000q\000u\000i\000s\000i\000t\000i\000\040}{section.3}% 10
\BOOKMARK [3][-]{paragraph.3.2.0.1}{\376\377\000G\000l\000i\000\040\000u\000t\000e\000n\000t\000i}{subsection.3.2}% 11
\BOOKMARK [4][-]{paragraph.3.2.0.2}{\376\377\000\040\000E\000x\000t\000r\000a\000\040}{paragraph.3.2.0.1}% 12
\BOOKMARK [2][-]{subsection.3.3}{\376\377\000\040\000S\000t\000a\000t\000o\000\040}{section.3}% 13
\BOOKMARK [1][-]{section.4}{\376\377\000\040\000K\000a\000f\000f\000e\000t\000t\000i\000n\000o\000\040}{}% 14
\BOOKMARK [2][-]{subsection.4.1}{\376\377\000\040\000I\000d\000e\000a\000\040}{section.4}% 15
\BOOKMARK [2][-]{subsection.4.2}{\376\377\000\040\000A\000n\000a\000l\000i\000s\000i\000\040\000d\000e\000i\000\040\000r\000e\000q\000u\000i\000s\000i\000t\000i\000\040}{section.4}% 16
\BOOKMARK [3][-]{paragraph.4.2.0.1}{\376\377\000A\000m\000m\000i\000n\000i\000s\000t\000r\000a\000t\000o\000r\000i}{subsection.4.2}% 17
\BOOKMARK [4][-]{paragraph.4.2.0.2}{\376\377\000\040\000U\000t\000e\000n\000t\000i\000\040}{paragraph.4.2.0.1}% 18
\BOOKMARK [4][-]{paragraph.4.2.0.3}{\376\377\000\040\000L\000a\000\040\000p\000i\000a\000t\000t\000a\000f\000o\000r\000m\000a\000\040\000e\000m\000b\000e\000d\000d\000e\000d\000\040}{paragraph.4.2.0.1}% 19
\BOOKMARK [4][-]{paragraph.4.2.0.4}{\376\377\000\040\000L\000a\000\040\000p\000i\000a\000t\000t\000a\000f\000o\000r\000m\000a\000\040}{paragraph.4.2.0.1}% 20
\BOOKMARK [4][-]{paragraph.4.2.0.5}{\376\377\000\040\000A\000u\000d\000i\000t\000i\000n\000g\000\040}{paragraph.4.2.0.1}% 21
\BOOKMARK [4][-]{paragraph.4.2.0.6}{\376\377\000\040\000E\000x\000t\000r\000a\000\040}{paragraph.4.2.0.1}% 22
\BOOKMARK [2][-]{subsection.4.3}{\376\377\000\040\000S\000t\000a\000t\000o\000\040}{section.4}% 23
\BOOKMARK [1][-]{section.5}{\376\377\000\040\000A\000s\000s\000i\000s\000t\000e\000s\000t\000\040}{}% 24
\BOOKMARK [2][-]{subsection.5.1}{\376\377\000\040\000I\000d\000e\000a\000\040}{section.5}% 25
\BOOKMARK [2][-]{subsection.5.2}{\376\377\000\040\000A\000n\000a\000l\000i\000s\000i\000\040\000d\000e\000i\000\040\000r\000e\000q\000u\000i\000s\000i\000t\000i\000\040}{section.5}% 26
\BOOKMARK [3][-]{paragraph.5.2.0.1}{\376\377\000G\000l\000i\000\040\000s\000t\000u\000d\000e\000n\000t\000i}{subsection.5.2}% 27
\BOOKMARK [4][-]{paragraph.5.2.0.2}{\376\377\000L\000'\000i\000s\000t\000r\000u\000t\000t\000o\000r\000e}{paragraph.5.2.0.1}% 28
\BOOKMARK [4][-]{paragraph.5.2.0.3}{\376\377\000\040\000L\000a\000\040\000p\000i\000a\000t\000t\000a\000f\000o\000r\000m\000a\000\040}{paragraph.5.2.0.1}% 29
\BOOKMARK [4][-]{paragraph.5.2.0.4}{\376\377\000\040\000E\000x\000t\000r\000a\000\040}{paragraph.5.2.0.1}% 30
\BOOKMARK [2][-]{subsection.5.3}{\376\377\000\040\000S\000t\000a\000t\000o\000\040}{section.5}% 31
\BOOKMARK [1][-]{section.6}{\376\377\000\040\000D\000r\000i\000v\000e\000\040}{}% 32
\BOOKMARK [2][-]{subsection.6.1}{\376\377\000\040\000I\000d\000e\000a\000\040}{section.6}% 33
\BOOKMARK [2][-]{subsection.6.2}{\376\377\000\040\000A\000n\000a\000l\000i\000s\000i\000\040\000d\000e\000i\000\040\000r\000e\000q\000u\000i\000s\000i\000t\000i\000\040}{section.6}% 34
\BOOKMARK [3][-]{paragraph.6.2.0.1}{\376\377\000\040\000R\000E\000G\000O\000L\000E\000\040}{subsection.6.2}% 35
\BOOKMARK [4][-]{paragraph.6.2.0.2}{\376\377\000\040\000E\000X\000T\000R\000A\000\040}{paragraph.6.2.0.1}% 36
\BOOKMARK [2][-]{subsection.6.3}{\376\377\000\040\000S\000t\000a\000t\000o\000\040}{section.6}% 37
\BOOKMARK [1][-]{section.7}{\376\377\000\040\000E\000v\000e\000n\000t\000i\000\040}{}% 38
\BOOKMARK [2][-]{subsection.7.1}{\376\377\000\040\000I\000d\000e\000a\000\040}{section.7}% 39
\BOOKMARK [2][-]{subsection.7.2}{\376\377\000\040\000A\000n\000a\000l\000i\000s\000i\000\040\000d\000e\000i\000\040\000r\000e\000q\000u\000i\000s\000i\000t\000i\000\040}{section.7}% 40
\BOOKMARK [3][-]{paragraph.7.2.0.1}{\376\377\000\040\000G\000l\000i\000\040\000a\000m\000m\000i\000n\000i\000s\000t\000r\000a\000t\000o\000r\000i\000\040}{subsection.7.2}% 41
\BOOKMARK [4][-]{paragraph.7.2.0.2}{\376\377\000\040\000G\000l\000i\000\040\000u\000t\000e\000n\000t\000i\000\040}{paragraph.7.2.0.1}% 42
\BOOKMARK [4][-]{paragraph.7.2.0.3}{\376\377\000\040\000D\000a\000\040\000v\000e\000d\000e\000r\000e\000\040\000c\000o\000n\000\040\000d\000i\000\040\000m\000a\000i\000o}{paragraph.7.2.0.1}% 43
\BOOKMARK [2][-]{subsection.7.3}{\376\377\000\040\000S\000t\000a\000t\000o\000\040}{section.7}% 44
\BOOKMARK [1][-]{section.8}{\376\377\000\040\000O\000r\000i\000e\000n\000t\000a\000m\000e\000n\000t\000o\000\040}{}% 45
\BOOKMARK [2][-]{subsection.8.1}{\376\377\000\040\000I\000d\000e\000a\000\040}{section.8}% 46
\BOOKMARK [2][-]{subsection.8.2}{\376\377\000\040\000A\000n\000a\000l\000i\000s\000i\000\040\000d\000e\000i\000\040\000r\000e\000q\000u\000i\000s\000i\000t\000i\000\040}{section.8}% 47
\BOOKMARK [3][-]{paragraph.8.2.0.1}{\376\377\000\040\000G\000l\000i\000\040\000a\000m\000m\000i\000n\000i\000s\000t\000r\000a\000t\000o\000r\000i\000\040}{subsection.8.2}% 48
\BOOKMARK [4][-]{paragraph.8.2.0.2}{\376\377\000\040\000G\000l\000i\000\040\000s\000t\000a\000f\000f\000e\000r\000\040}{paragraph.8.2.0.1}% 49
\BOOKMARK [4][-]{paragraph.8.2.0.3}{\376\377\000\040\000A\000l\000t\000r\000o\000\040}{paragraph.8.2.0.1}% 50
\BOOKMARK [2][-]{subsection.8.3}{\376\377\000\040\000S\000t\000a\000t\000o\000\040}{section.8}% 51
\BOOKMARK [1][-]{section.9}{\376\377\000\040\000O\000r\000a\000r\000i\000\040}{}% 52
\BOOKMARK [2][-]{subsection.9.1}{\376\377\000\040\000I\000d\000e\000a\000\040}{section.9}% 53
\BOOKMARK [2][-]{subsection.9.2}{\376\377\000\040\000A\000n\000a\000l\000i\000s\000i\000\040\000d\000e\000i\000\040\000r\000e\000q\000u\000i\000s\000i\000t\000i\000\040}{section.9}% 54
\BOOKMARK [3][-]{paragraph.9.2.0.1}{\376\377\000\040\000G\000l\000i\000\040\000u\000t\000e\000n\000t\000i\000\040}{subsection.9.2}% 55
\BOOKMARK [4][-]{paragraph.9.2.0.2}{\376\377\000\040\000G\000l\000i\000\040\000a\000m\000m\000i\000n\000i\000s\000t\000r\000a\000t\000o\000r\000i\000\040}{paragraph.9.2.0.1}% 56
\BOOKMARK [4][-]{paragraph.9.2.0.3}{\376\377\000\040\000L\000a\000\040\000p\000i\000a\000t\000t\000a\000f\000o\000r\000m\000a\000\040}{paragraph.9.2.0.1}% 57
\BOOKMARK [2][-]{subsection.9.3}{\376\377\000\040\000S\000t\000a\000t\000o\000\040}{section.9}% 58
\BOOKMARK [1][-]{section.10}{\376\377\000\040\000A\000u\000l\000e\000\040\000L\000i\000b\000e\000r\000e\000\040}{}% 59
\BOOKMARK [2][-]{subsection.10.1}{\376\377\000\040\000I\000d\000e\000a\000\040}{section.10}% 60
\BOOKMARK [2][-]{subsection.10.2}{\376\377\000\040\000A\000n\000a\000l\000i\000s\000i\000\040\000d\000e\000i\000\040\000r\000e\000q\000u\000i\000s\000i\000t\000i\000\040}{section.10}% 61
\BOOKMARK [3][-]{paragraph.10.2.0.1}{\376\377\000\040\000L\000a\000\040\000p\000i\000a\000t\000t\000a\000f\000o\000r\000m\000a\000\040}{subsection.10.2}% 62
\BOOKMARK [2][-]{subsection.10.3}{\376\377\000\040\000S\000t\000a\000t\000o\000\040}{section.10}% 63
\BOOKMARK [1][-]{section.11}{\376\377\000\040\000Q\000R\000\040}{}% 64
\BOOKMARK [2][-]{subsection.11.1}{\376\377\000\040\000I\000d\000e\000a\000\040}{section.11}% 65
\BOOKMARK [2][-]{subsection.11.2}{\376\377\000\040\000A\000n\000a\000l\000i\000s\000i\000\040\000d\000e\000i\000\040\000r\000e\000q\000u\000i\000s\000i\000t\000i\000\040}{section.11}% 66
\BOOKMARK [3][-]{paragraph.11.2.0.1}{\376\377\000\040\000G\000l\000i\000\040\000s\000t\000a\000f\000f\000e\000r\000\040}{subsection.11.2}% 67
\BOOKMARK [2][-]{subsection.11.3}{\376\377\000\040\000S\000t\000a\000t\000o\000\040}{section.11}% 68
\BOOKMARK [1][-]{section.12}{\376\377\000\040\000C\000a\000l\000e\000n\000d\000a\000r\000i\000o\000\040}{}% 69
\BOOKMARK [2][-]{subsection.12.1}{\376\377\000\040\000I\000d\000e\000a\000\040}{section.12}% 70
\BOOKMARK [2][-]{subsection.12.2}{\376\377\000\040\000A\000n\000a\000l\000i\000s\000i\000\040\000d\000e\000i\000\040\000r\000e\000q\000u\000i\000s\000i\000t\000i\000\040}{section.12}% 71
\BOOKMARK [3][-]{paragraph.12.2.0.1}{\376\377\000G\000l\000i\000\040\000a\000m\000m\000i\000n\000i\000s\000t\000r\000a\000t\000o\000r\000i}{subsection.12.2}% 72
\BOOKMARK [4][-]{paragraph.12.2.0.2}{\376\377\000G\000l\000i\000\040\000u\000t\000e\000n\000t\000i}{paragraph.12.2.0.1}% 73
\BOOKMARK [4][-]{paragraph.12.2.0.3}{\376\377\000\040\000L\000a\000\040\000P\000i\000a\000t\000t\000a\000f\000o\000r\000m\000a\000\040}{paragraph.12.2.0.1}% 74
\BOOKMARK [4][-]{paragraph.12.2.0.4}{\376\377\000\040\000L\000a\000\040\000p\000i\000a\000t\000t\000a\000f\000o\000r\000m\000a\000\040\000e\000m\000b\000e\000d\000d\000e\000d\000\040}{paragraph.12.2.0.1}% 75
\BOOKMARK [4][-]{paragraph.12.2.0.5}{\376\377\000\040\000E\000X\000T\000R\000A\000\040}{paragraph.12.2.0.1}% 76
\BOOKMARK [2][-]{subsection.12.3}{\376\377\000\040\000S\000t\000a\000t\000o\000\040}{section.12}% 77
\BOOKMARK [1][-]{section.13}{\376\377\000\040\000O\000g\000g\000e\000t\000t\000i\000\040\000S\000m\000a\000r\000r\000i\000t\000i\000\040}{}% 78
\BOOKMARK [2][-]{subsection.13.1}{\376\377\000\040\000I\000d\000e\000a\000\040}{section.13}% 79
\BOOKMARK [2][-]{subsection.13.2}{\376\377\000\040\000A\000n\000a\000l\000i\000s\000i\000\040\000d\000e\000i\000\040\000r\000e\000q\000u\000i\000s\000i\000t\000i\000\040}{section.13}% 80
\BOOKMARK [3][-]{paragraph.13.2.0.1}{\376\377\000\040\000L\000a\000\040\000p\000i\000a\000t\000t\000a\000f\000o\000r\000m\000a\000\040}{subsection.13.2}% 81
\BOOKMARK [4][-]{paragraph.13.2.0.2}{\376\377\000\040\000G\000l\000i\000\040\000a\000m\000m\000i\000n\000i\000s\000t\000r\000a\000t\000o\000r\000i\000\040}{paragraph.13.2.0.1}% 82
\BOOKMARK [4][-]{paragraph.13.2.0.3}{\376\377\000\040\000G\000l\000i\000\040\000s\000t\000u\000d\000e\000n\000t\000i\000\040}{paragraph.13.2.0.1}% 83
\BOOKMARK [4][-]{paragraph.13.2.0.4}{\376\377\000\040\000E\000X\000T\000R\000A\000\040}{paragraph.13.2.0.1}% 84
\BOOKMARK [2][-]{subsection.13.3}{\376\377\000\040\000S\000t\000a\000t\000o\000\040}{section.13}% 85
\BOOKMARK [1][-]{section.14}{\376\377\000\040\000E\000l\000e\000z\000i\000o\000n\000i\000\040}{}% 86
\BOOKMARK [2][-]{subsection.14.1}{\376\377\000\040\000I\000d\000e\000a\000\040}{section.14}% 87
\BOOKMARK [2][-]{subsection.14.2}{\376\377\000\040\000A\000n\000a\000l\000i\000s\000i\000\040\000d\000e\000i\000\040\000r\000e\000q\000u\000i\000s\000i\000t\000i\000\040}{section.14}% 88
\BOOKMARK [2][-]{subsection.14.3}{\376\377\000\040\000S\000t\000a\000t\000o\000\040}{section.14}% 89
\BOOKMARK [1][-]{section.15}{\376\377\000\040\000F\000i\000l\000i\000g\000r\000a\000n\000a\000\040}{}% 90
\BOOKMARK [2][-]{subsection.15.1}{\376\377\000\040\000I\000d\000e\000a\000\040}{section.15}% 91
\BOOKMARK [2][-]{subsection.15.2}{\376\377\000\040\000A\000n\000a\000l\000i\000s\000i\000\040\000d\000e\000i\000\040\000r\000e\000q\000u\000i\000s\000i\000t\000i\000\040}{section.15}% 92
\BOOKMARK [2][-]{subsection.15.3}{\376\377\000\040\000S\000t\000a\000t\000o\000\040}{section.15}% 93
\BOOKMARK [1][-]{section.16}{\376\377\000\040\000S\000e\000g\000n\000a\000l\000a\000z\000i\000o\000n\000i\000\040}{}% 94
\BOOKMARK [2][-]{subsection.16.1}{\376\377\000\040\000I\000d\000e\000a\000\040}{section.16}% 95
\BOOKMARK [2][-]{subsection.16.2}{\376\377\000\040\000A\000n\000a\000l\000i\000s\000i\000\040\000d\000e\000i\000\040\000r\000e\000q\000u\000i\000s\000i\000t\000i\000\040}{section.16}% 96
\BOOKMARK [3][-]{paragraph.16.2.0.1}{\376\377\000\040\000G\000l\000i\000\040\000u\000t\000e\000n\000t\000i\000\040}{subsection.16.2}% 97
\BOOKMARK [4][-]{paragraph.16.2.0.2}{\376\377\000\040\000O\000g\000n\000i\000\040\000s\000t\000a\000f\000f\000e\000r\000\040}{paragraph.16.2.0.1}% 98
\BOOKMARK [4][-]{paragraph.16.2.0.3}{\376\377\000\040\000G\000l\000i\000\040\000a\000m\000m\000i\000n\000i\000s\000t\000r\000a\000t\000o\000r\000i\000\040}{paragraph.16.2.0.1}% 99
\BOOKMARK [4][-]{paragraph.16.2.0.4}{\376\377\000\040\000L\000a\000\040\000p\000i\000a\000t\000t\000a\000f\000o\000r\000m\000a\000\040}{paragraph.16.2.0.1}% 100
\BOOKMARK [4][-]{paragraph.16.2.0.5}{\376\377\000\040\000R\000e\000g\000o\000l\000e\000\040}{paragraph.16.2.0.1}% 101
\BOOKMARK [4][-]{paragraph.16.2.0.6}{\376\377\000\040\000E\000x\000t\000r\000a\000\040}{paragraph.16.2.0.1}% 102
\BOOKMARK [2][-]{subsection.16.3}{\376\377\000\040\000S\000t\000a\000t\000o\000\040}{section.16}% 103
